<?xml version="1.0" encoding="utf-8"?>
<CoverageSession>
  <Summary numSequencePoints="28" visitedSequencePoints="28" numBranchPoints="6" visitedBranchPoints="6" sequenceCoverage="100" branchCoverage="100" maxCyclomaticComplexity="7" minCyclomaticComplexity="7" visitedClasses="3" numClasses="3" visitedMethods="3" numMethods="3" />
  <Modules>
    <Module hash="041E0AB2-11FB-4DAB-B728-1D4FE7302F9D">
      <ModulePath>Leonardo.dll</ModulePath>
      <ModuleTime>2023-09-19T02:32:36</ModuleTime>
      <ModuleName>Leonardo</ModuleName>
      <Files>
        <File uid="1" fullPath="/Users/ivoriandev/RiderProjects/Fibonacci/src/Leonardo/Fibonacci.cs" />
      </Files>
      <Classes>
        <Class>
          <Summary numSequencePoints="3" visitedSequencePoints="3" numBranchPoints="2" visitedBranchPoints="2" sequenceCoverage="100" branchCoverage="100" maxCyclomaticComplexity="2" minCyclomaticComplexity="2" visitedClasses="1" numClasses="1" visitedMethods="1" numMethods="1" />
          <FullName>Leonardo.Fibonacci</FullName>
          <Methods>
            <Method cyclomaticComplexity="2" nPathComplexity="2" sequenceCoverage="100" branchCoverage="100" isConstructor="False" isGetter="False" isSetter="False" isStatic="True">
              <Summary numSequencePoints="3" visitedSequencePoints="3" numBranchPoints="2" visitedBranchPoints="2" sequenceCoverage="100" branchCoverage="100" maxCyclomaticComplexity="2" minCyclomaticComplexity="2" visitedClasses="0" numClasses="0" visitedMethods="1" numMethods="1" />
              <MetadataToken />
              <Name>System.Int32 Leonardo.Fibonacci::Run(System.Int32)</Name>
              <FileRef uid="1" />
              <SequencePoints>
                <SequencePoint vc="1071657181" uspid="40" ordinal="0" sl="40" sc="1" el="40" ec="2" bec="0" bev="0" fileid="1" />
                <SequencePoint vc="1071657181" uspid="41" ordinal="1" sl="41" sc="1" el="41" ec="2" bec="2" bev="2" fileid="1" />
                <SequencePoint vc="1071657181" uspid="42" ordinal="2" sl="42" sc="1" el="42" ec="2" bec="0" bev="0" fileid="1" />
              </SequencePoints>
              <BranchPoints>
                <BranchPoint vc="535828589" uspid="41" ordinal="0" path="0" offset="3" offsetend="5" sl="41" fileid="1" />
                <BranchPoint vc="535828592" uspid="41" ordinal="1" path="1" offset="3" offsetend="24" sl="41" fileid="1" />
              </BranchPoints>
              <MethodPoint vc="3" uspid="0" p8:type="SequencePoint" ordinal="0" offset="0" sc="0" sl="40" ec="1" el="42" bec="0" bev="0" fileid="1" xmlns:p8="xsi" />
            </Method>
          </Methods>
        </Class>
        <Class>
          <Summary numSequencePoints="5" visitedSequencePoints="5" numBranchPoints="0" visitedBranchPoints="0" sequenceCoverage="100" branchCoverage="100" maxCyclomaticComplexity="1" minCyclomaticComplexity="1" visitedClasses="1" numClasses="1" visitedMethods="1" numMethods="1" />
          <FullName>Leonardo.Fibonacci/&lt;&gt;c__DisplayClass0_1</FullName>
          <Methods>
            <Method cyclomaticComplexity="1" nPathComplexity="1" sequenceCoverage="100" branchCoverage="100" isConstructor="False" isGetter="False" isSetter="False" isStatic="True">
              <Summary numSequencePoints="5" visitedSequencePoints="5" numBranchPoints="0" visitedBranchPoints="0" sequenceCoverage="100" branchCoverage="100" maxCyclomaticComplexity="1" minCyclomaticComplexity="1" visitedClasses="0" numClasses="0" visitedMethods="1" numMethods="1" />
              <MetadataToken />
              <Name>System.Int32 Leonardo.Fibonacci/&lt;&gt;c__DisplayClass0_1::&lt;RunAsync&gt;b__0()</Name>
              <FileRef uid="1" />
              <SequencePoints>
                <SequencePoint vc="3" uspid="18" ordinal="0" sl="18" sc="1" el="18" ec="2" bec="0" bev="0" fileid="1" />
                <SequencePoint vc="3" uspid="19" ordinal="1" sl="19" sc="1" el="19" ec="2" bec="0" bev="0" fileid="1" />
                <SequencePoint vc="3" uspid="20" ordinal="2" sl="20" sc="1" el="20" ec="2" bec="0" bev="0" fileid="1" />
                <SequencePoint vc="3" uspid="21" ordinal="3" sl="21" sc="1" el="21" ec="2" bec="0" bev="0" fileid="1" />
                <SequencePoint vc="6" uspid="22" ordinal="4" sl="22" sc="1" el="22" ec="2" bec="0" bev="0" fileid="1" />
              </SequencePoints>
              <BranchPoints />
              <MethodPoint vc="5" uspid="0" p8:type="SequencePoint" ordinal="0" offset="0" sc="0" sl="18" ec="1" el="22" bec="0" bev="0" fileid="1" xmlns:p8="xsi" />
            </Method>
          </Methods>
        </Class>
        <Class>
          <Summary numSequencePoints="20" visitedSequencePoints="20" numBranchPoints="4" visitedBranchPoints="4" sequenceCoverage="100" branchCoverage="100" maxCyclomaticComplexity="4" minCyclomaticComplexity="4" visitedClasses="1" numClasses="1" visitedMethods="1" numMethods="1" />
          <FullName>Leonardo.Fibonacci/&lt;RunAsync&gt;d__0</FullName>
          <Methods>
            <Method cyclomaticComplexity="4" nPathComplexity="4" sequenceCoverage="100" branchCoverage="100" isConstructor="False" isGetter="False" isSetter="False" isStatic="True">
              <Summary numSequencePoints="20" visitedSequencePoints="20" numBranchPoints="4" visitedBranchPoints="4" sequenceCoverage="100" branchCoverage="100" maxCyclomaticComplexity="4" minCyclomaticComplexity="4" visitedClasses="0" numClasses="0" visitedMethods="1" numMethods="1" />
              <MetadataToken />
              <Name>System.Void Leonardo.Fibonacci/&lt;RunAsync&gt;d__0::MoveNext()</Name>
              <FileRef uid="1" />
              <SequencePoints>
                <SequencePoint vc="1" uspid="8" ordinal="0" sl="8" sc="1" el="8" ec="2" bec="0" bev="0" fileid="1" />
                <SequencePoint vc="1" uspid="9" ordinal="1" sl="9" sc="1" el="9" ec="2" bec="0" bev="0" fileid="1" />
                <SequencePoint vc="1" uspid="10" ordinal="2" sl="10" sc="1" el="10" ec="2" bec="0" bev="0" fileid="1" />
                <SequencePoint vc="1" uspid="12" ordinal="3" sl="12" sc="1" el="12" ec="2" bec="0" bev="0" fileid="1" />
                <SequencePoint vc="1" uspid="13" ordinal="4" sl="13" sc="1" el="13" ec="2" bec="0" bev="0" fileid="1" />
                <SequencePoint vc="9" uspid="15" ordinal="5" sl="15" sc="1" el="15" ec="2" bec="2" bev="2" fileid="1" />
                <SequencePoint vc="3" uspid="16" ordinal="6" sl="16" sc="1" el="16" ec="2" bec="0" bev="0" fileid="1" />
                <SequencePoint vc="3" uspid="17" ordinal="7" sl="17" sc="1" el="17" ec="2" bec="0" bev="0" fileid="1" />
                <SequencePoint vc="3" uspid="23" ordinal="8" sl="23" sc="1" el="23" ec="2" bec="0" bev="0" fileid="1" />
                <SequencePoint vc="3" uspid="24" ordinal="9" sl="24" sc="1" el="24" ec="2" bec="0" bev="0" fileid="1" />
                <SequencePoint vc="9" uspid="26" ordinal="10" sl="26" sc="1" el="26" ec="2" bec="2" bev="2" fileid="1" />
                <SequencePoint vc="3" uspid="27" ordinal="11" sl="27" sc="1" el="27" ec="2" bec="0" bev="0" fileid="1" />
                <SequencePoint vc="3" uspid="28" ordinal="12" sl="28" sc="1" el="28" ec="2" bec="0" bev="0" fileid="1" />
                <SequencePoint vc="3" uspid="29" ordinal="13" sl="29" sc="1" el="29" ec="2" bec="0" bev="0" fileid="1" />
                <SequencePoint vc="3" uspid="30" ordinal="14" sl="30" sc="1" el="30" ec="2" bec="0" bev="0" fileid="1" />
                <SequencePoint vc="3" uspid="31" ordinal="15" sl="31" sc="1" el="31" ec="2" bec="0" bev="0" fileid="1" />
                <SequencePoint vc="1" uspid="33" ordinal="16" sl="33" sc="1" el="33" ec="2" bec="0" bev="0" fileid="1" />
                <SequencePoint vc="1" uspid="34" ordinal="17" sl="34" sc="1" el="34" ec="2" bec="0" bev="0" fileid="1" />
                <SequencePoint vc="1" uspid="36" ordinal="18" sl="36" sc="1" el="36" ec="2" bec="0" bev="0" fileid="1" />
                <SequencePoint vc="1" uspid="37" ordinal="19" sl="37" sc="1" el="37" ec="2" bec="0" bev="0" fileid="1" />
              </SequencePoints>
              <BranchPoints>
                <BranchPoint vc="3" uspid="15" ordinal="1" path="1" offset="251" offsetend="109" sl="15" fileid="1" />
                <BranchPoint vc="1" uspid="15" ordinal="0" path="0" offset="251" offsetend="256" sl="15" fileid="1" />
                <BranchPoint vc="3" uspid="26" ordinal="3" path="1" offset="516" offsetend="294" sl="26" fileid="1" />
                <BranchPoint vc="1" uspid="26" ordinal="2" path="0" offset="516" offsetend="521" sl="26" fileid="1" />
              </BranchPoints>
              <MethodPoint vc="20" uspid="0" p8:type="SequencePoint" ordinal="0" offset="0" sc="0" sl="8" ec="1" el="37" bec="0" bev="0" fileid="1" xmlns:p8="xsi" />
            </Method>
          </Methods>
        </Class>
      </Classes>
    </Module>
  </Modules>
</CoverageSession>